<?xml version="1.0" encoding="UTF-8"?>
<!-- Generated by org.testng.reporters.JUnitReportReporter -->
<testsuite skipped="0" hostname="DESKTOP-89OTHQ5" name="com.jbk.ExcelRead" tests="3" failures="0" timestamp="03 Jul 2021 03:59:17 GMT" time="37.998" errors="0">
  <testcase name="loginWithDp" time="8.431" classname="com.jbk.ExcelRead"/>
  <testcase name="loginWithDp" time="14.808" classname="com.jbk.ExcelRead"/>
  <testcase name="loginWithDp" time="14.759" classname="com.jbk.ExcelRead"/>
</testsuite> <!-- com.jbk.ExcelRead -->
